# JRE version: OpenJDK Runtime Environment (11.0.5+10) (build 11.0.5+10-b520.38)
# Java VM: OpenJDK 64-Bit Server VM (11.0.5+10-b520.38, mixed mode, sharing, tiered, compressed oops, g1 gc, windows-amd64)
Heap:
 garbage-first heap   total 157696K, used 78093K [0x0000000081400000, 0x0000000100000000)
  region size 1024K, 71 young (72704K), 10 survivors (10240K)
 Metaspace       used 34352K, capacity 35738K, committed 35888K, reserved 1079296K
  class space    used 4699K, capacity 5240K, committed 5248K, reserved 1048576K
GC Heap History (15 events):
Event: 1.678 GC heap before
{Heap before GC invocations=0 (full 0):
 garbage-first heap   total 131072K, used 15360K [0x0000000081400000, 0x0000000100000000)
  region size 1024K, 14 young (14336K), 0 survivors (0K)
 Metaspace       used 5409K, capacity 5726K, committed 6016K, reserved 1056768K
  class space    used 663K, capacity 770K, committed 896K, reserved 1048576K
}
Event: 1.688 GC heap after
{Heap after GC invocations=1 (full 0):
 garbage-first heap   total 131072K, used 6675K [0x0000000081400000, 0x0000000100000000)
  region size 1024K, 2 young (2048K), 2 survivors (2048K)
 Metaspace       used 5409K, capacity 5726K, committed 6016K, reserved 1056768K
  class space    used 663K, capacity 770K, committed 896K, reserved 1048576K
}
Event: 1.940 GC heap before
{Heap before GC invocations=1 (full 0):
 garbage-first heap   total 131072K, used 16915K [0x0000000081400000, 0x0000000100000000)
  region size 1024K, 12 young (12288K), 2 survivors (2048K)
 Metaspace       used 6959K, capacity 7338K, committed 7424K, reserved 1056768K
  class space    used 872K, capacity 988K, committed 1024K, reserved 1048576K
}
Event: 1.952 GC heap after
{Heap after GC invocations=2 (full 0):
 garbage-first heap   total 131072K, used 7306K [0x0000000081400000, 0x0000000100000000)
  region size 1024K, 1 young (1024K), 1 survivors (1024K)
 Metaspace       used 6959K, capacity 7338K, committed 7424K, reserved 1056768K
  class space    used 872K, capacity 988K, committed 1024K, reserved 1048576K
}
Event: 2.346 GC heap before
{Heap before GC invocations=2 (full 0):
 garbage-first heap   total 131072K, used 29834K [0x0000000081400000, 0x0000000100000000)
  region size 1024K, 24 young (24576K), 1 survivors (1024K)
 Metaspace       used 11101K, capacity 11678K, committed 12032K, reserved 1058816K
  class space    used 1437K, capacity 1665K, committed 1792K, reserved 1048576K
}
Event: 2.349 GC heap after
{Heap after GC invocations=3 (full 0):
 garbage-first heap   total 131072K, used 8362K [0x0000000081400000, 0x0000000100000000)
  region size 1024K, 2 young (2048K), 2 survivors (2048K)
 Metaspace       used 11101K, capacity 11678K, committed 12032K, reserved 1058816K
  class space    used 1437K, capacity 1665K, committed 1792K, reserved 1048576K
}
Event: 3.424 GC heap before
{Heap before GC invocations=3 (full 0):
 garbage-first heap   total 131072K, used 44202K [0x0000000081400000, 0x0000000100000000)
  region size 1024K, 38 young (38912K), 2 survivors (2048K)
 Metaspace       used 15301K, capacity 16032K, committed 16256K, reserved 1062912K
  class space    used 2063K, capacity 2363K, committed 2432K, reserved 1048576K
}
Event: 3.431 GC heap after
{Heap after GC invocations=4 (full 0):
 garbage-first heap   total 131072K, used 9911K [0x0000000081400000, 0x0000000100000000)
  region size 1024K, 4 young (4096K), 4 survivors (4096K)
 Metaspace       used 15301K, capacity 16032K, committed 16256K, reserved 1062912K
  class space    used 2063K, capacity 2363K, committed 2432K, reserved 1048576K
}
Event: 3.943 GC heap before
{Heap before GC invocations=4 (full 0):
 garbage-first heap   total 131072K, used 63159K [0x0000000081400000, 0x0000000100000000)
  region size 1024K, 57 young (58368K), 4 survivors (4096K)
 Metaspace       used 16317K, capacity 17150K, committed 17408K, reserved 1064960K
  class space    used 2187K, capacity 2520K, committed 2560K, reserved 1048576K
}
Event: 3.952 GC heap after
{Heap after GC invocations=5 (full 0):
 garbage-first heap   total 131072K, used 10926K [0x0000000081400000, 0x0000000100000000)
  region size 1024K, 5 young (5120K), 5 survivors (5120K)
 Metaspace       used 16317K, capacity 17150K, committed 17408K, reserved 1064960K
  class space    used 2187K, capacity 2520K, committed 2560K, reserved 1048576K
}
Event: 4.822 GC heap before
{Heap before GC invocations=5 (full 0):
 garbage-first heap   total 131072K, used 71342K [0x0000000081400000, 0x0000000100000000)
  region size 1024K, 65 young (66560K), 5 survivors (5120K)
 Metaspace       used 20232K, capacity 21224K, committed 21296K, reserved 1067008K
  class space    used 2746K, capacity 3183K, committed 3200K, reserved 1048576K
}
Event: 4.836 GC heap after
{Heap after GC invocations=6 (full 0):
 garbage-first heap   total 157696K, used 12529K [0x0000000081400000, 0x0000000100000000)
  region size 1024K, 6 young (6144K), 6 survivors (6144K)
 Metaspace       used 20232K, capacity 21224K, committed 21296K, reserved 1067008K
  class space    used 2746K, capacity 3183K, committed 3200K, reserved 1048576K
}
Event: 5.863 GC heap before
{Heap before GC invocations=7 (full 0):
 garbage-first heap   total 157696K, used 99569K [0x0000000081400000, 0x0000000100000000)
  region size 1024K, 92 young (94208K), 6 survivors (6144K)
 Metaspace       used 26601K, capacity 27806K, committed 28080K, reserved 1073152K
  class space    used 3544K, capacity 4015K, committed 4096K, reserved 1048576K
}
Event: 5.882 GC heap after
{Heap after GC invocations=8 (full 0):
 garbage-first heap   total 157696K, used 15629K [0x0000000081400000, 0x0000000100000000)
  region size 1024K, 9 young (9216K), 9 survivors (9216K)
 Metaspace       used 26601K, capacity 27806K, committed 28080K, reserved 1073152K
  class space    used 3544K, capacity 4015K, committed 4096K, reserved 1048576K
}
Event: 7.219 GC heap before
{Heap before GC invocations=8 (full 0):
 garbage-first heap   total 157696K, used 76045K [0x0000000081400000, 0x0000000100000000)
  region size 1024K, 70 young (71680K), 9 survivors (9216K)
 Metaspace       used 34352K, capacity 35738K, committed 35888K, reserved 1079296K
  class space    used 4699K, capacity 5240K, committed 5248K, reserved 1048576K
}

